app/build/intermediates/manifest_merge_blame_file/release/manifest-merger-blame-release-report.txt
1<?xml version="1.0" encoding="utf-8"?>
2<manifest xmlns:android="http://schemas.android.com/apk/res/android"
3    package="com.avaya.android.vantage.aaadevbroadcast"
4    android:versionCode="2"
5    android:versionName="2.0_7_20201214_1317" >
6
7    <uses-sdk
8        android:minSdkVersion="26"
8-->src\main\AndroidManifest.xml
9        android:targetSdkVersion="27" />
9-->src\main\AndroidManifest.xml
10
11    <uses-permission android:name="android.permission.INTERNET" />
11-->src\main\AndroidManifest.xml:6:5-67
11-->src\main\AndroidManifest.xml:6:22-64
12    <uses-permission android:name="android.permission.CAMERA" />
12-->src\main\AndroidManifest.xml:7:5-65
12-->src\main\AndroidManifest.xml:7:22-62
13    <uses-permission android:name="android.permission.RECORD_AUDIO" />
13-->src\main\AndroidManifest.xml:8:5-71
13-->src\main\AndroidManifest.xml:8:22-68
14    <uses-permission android:name="android.permission.MODIFY_AUDIO_SETTINGS" />
14-->src\main\AndroidManifest.xml:9:5-80
14-->src\main\AndroidManifest.xml:9:22-77
15    <uses-permission android:name="android.permission.WAKE_LOCK" />
15-->src\main\AndroidManifest.xml:10:5-68
15-->src\main\AndroidManifest.xml:10:22-65
16    <uses-permission android:name="android.permission.READ_CONTACTS" />
16-->src\main\AndroidManifest.xml:11:5-72
16-->src\main\AndroidManifest.xml:11:22-69
17    <uses-permission android:name="android.permission.WRITE_CONTACTS" />
17-->src\main\AndroidManifest.xml:12:5-73
17-->src\main\AndroidManifest.xml:12:22-70
18    <uses-permission android:name="android.permission.READ_EXTERNAL_STORAGE" />
18-->src\main\AndroidManifest.xml:13:5-80
18-->src\main\AndroidManifest.xml:13:22-77
19    <uses-permission android:name="com.android.launcher.permission.INSTALL_SHORTCUT" />
19-->src\main\AndroidManifest.xml:14:5-88
19-->src\main\AndroidManifest.xml:14:22-85
20    <uses-permission android:name="com.android.launcher.permission.UNINSTALL_SHORTCUT" />
20-->src\main\AndroidManifest.xml:15:5-90
20-->src\main\AndroidManifest.xml:15:22-87
21    <uses-permission android:name="android.permission.BLUETOOTH" />
21-->src\main\AndroidManifest.xml:16:5-68
21-->src\main\AndroidManifest.xml:16:22-65
22    <uses-permission android:name="android.permission.BLUETOOTH_ADMIN" />
22-->src\main\AndroidManifest.xml:17:5-74
22-->src\main\AndroidManifest.xml:17:22-71
23    <uses-permission android:name="android.permission.GET_ACCOUNTS" />
23-->src\main\AndroidManifest.xml:18:5-71
23-->src\main\AndroidManifest.xml:18:22-68
24    <uses-permission android:name="com.avaya.endpoint.pbap.READ_CALL_LOG" />
24-->src\main\AndroidManifest.xml:19:5-76
24-->src\main\AndroidManifest.xml:19:22-74
25    <uses-permission android:name="android.permission.BIND_DREAM_SERVICE" />
25-->src\main\AndroidManifest.xml:20:5-76
25-->src\main\AndroidManifest.xml:20:22-74
26
27    <uses-feature android:name="android.hardware.usb.host" />
27-->src\main\AndroidManifest.xml:25:5-62
27-->src\main\AndroidManifest.xml:25:19-59
28    <uses-feature android:name="android.hardware.touchscreen" />
28-->src\main\AndroidManifest.xml:26:5-65
28-->src\main\AndroidManifest.xml:26:19-62
29    <uses-feature android:name="android.hardware.microphone" />
29-->src\main\AndroidManifest.xml:27:5-64
29-->src\main\AndroidManifest.xml:27:19-61
30    <uses-feature android:name="android.hardware.screen.portrait" />
30-->src\main\AndroidManifest.xml:28:5-69
30-->src\main\AndroidManifest.xml:28:19-66
31    <uses-feature
31-->src\main\AndroidManifest.xml:29:5-31:36
32        android:name="android.hardware.bluetooth"
32-->src\main\AndroidManifest.xml:30:9-50
33        android:required="false" />
33-->src\main\AndroidManifest.xml:31:9-33
34    <uses-feature
34-->src\main\AndroidManifest.xml:32:5-34:36
35        android:name="android.hardware.telephony"
35-->src\main\AndroidManifest.xml:33:9-50
36        android:required="false" />
36-->src\main\AndroidManifest.xml:34:9-33
37    <uses-feature
37-->src\main\AndroidManifest.xml:35:5-37:36
38        android:name="android.hardware.wifi"
38-->src\main\AndroidManifest.xml:36:9-45
39        android:required="false" />
39-->src\main\AndroidManifest.xml:37:9-33
40    <uses-feature
40-->src\main\AndroidManifest.xml:38:5-40:36
41        android:name="android.hardware.camera"
41-->src\main\AndroidManifest.xml:39:9-47
42        android:required="false" />
42-->src\main\AndroidManifest.xml:40:9-33
43    <uses-feature
43-->src\main\AndroidManifest.xml:41:5-43:36
44        android:name="android.hardware.camera.autofocus"
44-->src\main\AndroidManifest.xml:42:9-57
45        android:required="false" />
45-->src\main\AndroidManifest.xml:43:9-33
46
47    <uses-permission android:name="android.permission.ACCESS_NETWORK_STATE" />
47-->[:AvayaClientServices:] AndroidManifest.xml:12:5-79
47-->[:AvayaClientServices:] AndroidManifest.xml:12:22-76
48    <uses-permission android:name="android.permission.DEVICE_POWER" />
48-->[:AvayaClientServices:] AndroidManifest.xml:14:5-71
48-->[:AvayaClientServices:] AndroidManifest.xml:14:22-68
49    <uses-permission android:name="android.permission.MANAGE_OWN_CALLS" />
49-->[:DeskPhoneServices:] AndroidManifest.xml:11:5-75
49-->[:DeskPhoneServices:] AndroidManifest.xml:11:22-72
50    <uses-permission android:name="android.permission.CALL_PHONE" />
50-->[:DeskPhoneServices:] AndroidManifest.xml:12:5-69
50-->[:DeskPhoneServices:] AndroidManifest.xml:12:22-66
51    <uses-permission android:name="com.google.android.finsky.permission.BIND_GET_INSTALL_REFERRER_SERVICE" /> <!-- Required by older versions of Google Play services to create IID tokens -->
51-->[com.google.android.gms:play-services-measurement:16.4.0] AndroidManifest.xml:26:5-110
51-->[com.google.android.gms:play-services-measurement:16.4.0] AndroidManifest.xml:26:22-107
52    <uses-permission android:name="com.google.android.c2dm.permission.RECEIVE" />
52-->[com.google.firebase:firebase-iid:17.0.3] AndroidManifest.xml:26:5-82
52-->[com.google.firebase:firebase-iid:17.0.3] AndroidManifest.xml:26:22-79
53
54    <application
54-->src\main\AndroidManifest.xml:45:5-236:19
55        android:name="com.avaya.android.vantage.aaadevbroadcast.ElanApplication"
55-->src\main\AndroidManifest.xml:46:9-81
56        android:allowBackup="false"
56-->src\main\AndroidManifest.xml:47:9-36
57        android:appComponentFactory="androidx.core.app.CoreComponentFactory"
57-->[androidx.core:core:1.0.0] AndroidManifest.xml:22:18-86
58        android:extractNativeLibs="false"
59        android:hardwareAccelerated="true"
59-->src\main\AndroidManifest.xml:48:9-43
60        android:icon="@drawable/ic_call_video24"
60-->src\main\AndroidManifest.xml:49:9-49
61        android:label="@string/app_name"
61-->src\main\AndroidManifest.xml:50:9-41
62        android:networkSecurityConfig="@xml/network_security_config"
62-->src\main\AndroidManifest.xml:51:9-69
63        android:resizeableActivity="false"
63-->src\main\AndroidManifest.xml:55:9-43
64        android:supportsRtl="true"
64-->src\main\AndroidManifest.xml:52:9-35
65        android:theme="@style/AppTheme" >
65-->src\main\AndroidManifest.xml:53:9-40
66        <meta-data
66-->src\main\AndroidManifest.xml:57:9-59:87
67            android:name="android.app.default_searchable"
67-->src\main\AndroidManifest.xml:58:13-58
68            android:value="com.avaya.android.vantage.basic.activities.MainActivity" />
68-->src\main\AndroidManifest.xml:59:13-84
69        <meta-data
69-->src\main\AndroidManifest.xml:60:9-62:40
70            android:name="AvayaClientServices"
70-->src\main\AndroidManifest.xml:61:13-47
71            android:value="308.0.90" />
71-->src\main\AndroidManifest.xml:62:13-37
72        <meta-data
72-->src\main\AndroidManifest.xml:63:9-65:40
73            android:name="audio.service.behavior"
73-->src\main\AndroidManifest.xml:64:13-50
74            android:value="override" />
74-->src\main\AndroidManifest.xml:65:13-37
75
76        <activity
76-->src\main\AndroidManifest.xml:67:9-111:20
77            android:name="com.avaya.android.vantage.aaadevbroadcast.activities.MainActivity"
77-->src\main\AndroidManifest.xml:68:13-93
78            android:configChanges="layoutDirection|locale|fontScale|keyboard|keyboardHidden"
78-->src\main\AndroidManifest.xml:70:13-93
79            android:label="@string/app_name"
79-->src\main\AndroidManifest.xml:71:13-45
80            android:launchMode="singleTask"
80-->src\main\AndroidManifest.xml:72:13-44
81            android:noHistory="true"
81-->src\main\AndroidManifest.xml:73:13-37
82            android:resizeableActivity="false"
82-->src\main\AndroidManifest.xml:69:13-47
83            android:theme="@style/AppTheme.NoActionBar" >
83-->src\main\AndroidManifest.xml:74:13-56
84            <intent-filter android:priority="100" >
84-->src\main\AndroidManifest.xml:75:13-80:29
84-->src\main\AndroidManifest.xml:75:28-50
85                <action android:name="android.intent.action.LOGIN_STATE_CHANGED" />
85-->src\main\AndroidManifest.xml:76:17-84
85-->src\main\AndroidManifest.xml:76:25-81
86                <action android:name="com.avaya.endpoint.action.SERVICE_IMPACTING_CHANGE" />
86-->src\main\AndroidManifest.xml:77:17-93
86-->src\main\AndroidManifest.xml:77:25-90
87
88                <category android:name="android.intent.category.LAUNCHER" />
88-->src\main\AndroidManifest.xml:79:17-77
88-->src\main\AndroidManifest.xml:79:27-74
89            </intent-filter>
90            <intent-filter>
90-->src\main\AndroidManifest.xml:81:13-87:29
91                <action android:name="android.intent.action.CALL" />
91-->src\main\AndroidManifest.xml:82:17-69
91-->src\main\AndroidManifest.xml:82:25-66
92
93                <category android:name="android.intent.category.DEFAULT" />
93-->src\main\AndroidManifest.xml:84:17-76
93-->src\main\AndroidManifest.xml:84:27-73
94
95                <data android:scheme="tel" />
95-->src\main\AndroidManifest.xml:86:17-46
95-->src\main\AndroidManifest.xml:86:23-43
96            </intent-filter>
97            <intent-filter>
97-->src\main\AndroidManifest.xml:88:13-96:29
98                <category android:name="android.intent.category.DEFAULT" />
98-->src\main\AndroidManifest.xml:84:17-76
98-->src\main\AndroidManifest.xml:84:27-73
99                <category android:name="android.intent.category.BROWSABLE" />
99-->src\main\AndroidManifest.xml:90:17-78
99-->src\main\AndroidManifest.xml:90:27-75
100
101                <action android:name="android.intent.action.VIEW" />
101-->src\main\AndroidManifest.xml:92:17-69
101-->src\main\AndroidManifest.xml:92:25-66
102                <action android:name="android.intent.action.DIAL" />
102-->src\main\AndroidManifest.xml:93:17-69
102-->src\main\AndroidManifest.xml:93:25-66
103
104                <data android:scheme="tel" />
104-->src\main\AndroidManifest.xml:86:17-46
104-->src\main\AndroidManifest.xml:86:23-43
105            </intent-filter>
106            <intent-filter>
106-->src\main\AndroidManifest.xml:97:13-99:29
107                <action android:name="android.intent.action.SEARCH" />
107-->src\main\AndroidManifest.xml:98:17-71
107-->src\main\AndroidManifest.xml:98:25-68
108            </intent-filter>
109
110            <meta-data
110-->src\main\AndroidManifest.xml:101:13-103:54
111                android:name="android.app.searchable"
111-->src\main\AndroidManifest.xml:102:17-54
112                android:resource="@xml/searchable" />
112-->src\main\AndroidManifest.xml:103:17-51
113
114            <intent-filter>
114-->src\main\AndroidManifest.xml:105:13-107:29
115                <action android:name="android.hardware.usb.action.USB_DEVICE_ATTACHED" />
115-->src\main\AndroidManifest.xml:106:17-90
115-->src\main\AndroidManifest.xml:106:25-87
116            </intent-filter>
117            <intent-filter>
117-->src\main\AndroidManifest.xml:108:13-110:29
118                <action android:name="android.hardware.usb.action.USB_DEVICE_DETACHED" />
118-->src\main\AndroidManifest.xml:109:17-90
118-->src\main\AndroidManifest.xml:109:25-87
119            </intent-filter>
120        </activity>
121        <activity
121-->src\main\AndroidManifest.xml:113:9-121:20
122            android:name="com.avaya.android.vantage.aaadevbroadcast.activities.MainActivityK175"
122-->src\main\AndroidManifest.xml:114:13-97
123            android:configChanges="layoutDirection|locale|fontScale|keyboard|keyboardHidden|navigation"
123-->src\main\AndroidManifest.xml:115:13-104
124            android:label="@string/app_name"
124-->src\main\AndroidManifest.xml:116:13-45
125            android:launchMode="singleTask"
125-->src\main\AndroidManifest.xml:117:13-44
126            android:resizeableActivity="false"
126-->src\main\AndroidManifest.xml:119:13-47
127            android:screenOrientation="portrait"
127-->src\main\AndroidManifest.xml:118:13-49
128            android:theme="@style/AppTheme.NoActionBar" >
128-->src\main\AndroidManifest.xml:120:13-56
129        </activity>
130        <activity
130-->src\main\AndroidManifest.xml:123:9-130:20
131            android:name="com.avaya.android.vantage.aaadevbroadcast.activities.MainActivityK155"
131-->src\main\AndroidManifest.xml:124:13-97
132            android:configChanges="layoutDirection|locale|fontScale|keyboard|keyboardHidden|navigation"
132-->src\main\AndroidManifest.xml:125:13-104
133            android:label="@string/app_name"
133-->src\main\AndroidManifest.xml:126:13-45
134            android:launchMode="singleTask"
134-->src\main\AndroidManifest.xml:127:13-44
135            android:resizeableActivity="false"
135-->src\main\AndroidManifest.xml:128:13-47
136            android:theme="@style/AppTheme.NoActionBar" >
136-->src\main\AndroidManifest.xml:129:13-56
137        </activity>
138        <activity
138-->src\main\AndroidManifest.xml:132:9-134:72
139            android:name="com.avaya.android.vantage.aaadevbroadcast.activities.MainLegalActivity"
139-->src\main\AndroidManifest.xml:133:13-98
140            android:theme="@style/Theme.AppCompat.Light.NoActionBar" />
140-->src\main\AndroidManifest.xml:134:13-69
141        <activity
141-->src\main\AndroidManifest.xml:135:9-137:64
142            android:name="com.avaya.android.vantage.aaadevbroadcast.activities.ErrorMessageActivity"
142-->src\main\AndroidManifest.xml:136:13-101
143            android:theme="@style/ErrorMessageActivityTheme" />
143-->src\main\AndroidManifest.xml:137:13-61
144        <activity
144-->src\main\AndroidManifest.xml:138:9-141:56
145            android:name="com.avaya.android.vantage.aaadevbroadcast.activities.CallDialerActivity"
145-->src\main\AndroidManifest.xml:139:13-99
146            android:resizeableActivity="false"
146-->src\main\AndroidManifest.xml:140:13-47
147            android:theme="@style/Theme.Transparent" />
147-->src\main\AndroidManifest.xml:141:13-53
148
149        <service android:name="com.avaya.android.vantage.aaadevbroadcast.notifications.NotificationService" />
149-->src\main\AndroidManifest.xml:143:9-111
149-->src\main\AndroidManifest.xml:143:18-108
150        <service android:name="com.avaya.android.vantage.aaadevbroadcast.bluetooth.BluetoothStateService" />
150-->src\main\AndroidManifest.xml:144:9-109
150-->src\main\AndroidManifest.xml:144:18-106
151
152        <activity
152-->src\main\AndroidManifest.xml:146:9-151:59
153            android:name="com.avaya.android.vantage.aaadevbroadcast.activities.TutorialActivity"
153-->src\main\AndroidManifest.xml:147:13-97
154            android:label="@string/app_name"
154-->src\main\AndroidManifest.xml:149:13-45
155            android:resizeableActivity="false"
155-->src\main\AndroidManifest.xml:148:13-47
156            android:screenOrientation="portrait"
156-->src\main\AndroidManifest.xml:150:13-49
157            android:theme="@style/AppTheme.NoActionBar" />
157-->src\main\AndroidManifest.xml:151:13-56
158        <activity
158-->src\main\AndroidManifest.xml:152:9-156:59
159            android:name="com.avaya.android.vantage.aaadevbroadcast.activities.TutorialActivityK155"
159-->src\main\AndroidManifest.xml:153:13-101
160            android:label="@string/app_name"
160-->src\main\AndroidManifest.xml:155:13-45
161            android:resizeableActivity="false"
161-->src\main\AndroidManifest.xml:154:13-47
162            android:theme="@style/AppTheme.NoActionBar" />
162-->src\main\AndroidManifest.xml:156:13-56
163        <activity
163-->src\main\AndroidManifest.xml:157:9-161:72
164            android:name="com.avaya.android.vantage.aaadevbroadcast.activities.UserPreferencesActivity"
164-->src\main\AndroidManifest.xml:158:13-104
165            android:label="User preferences"
165-->src\main\AndroidManifest.xml:159:13-45
166            android:parentActivityName="com.avaya.android.vantage.aaadevbroadcast.activities.MainActivityK155"
166-->src\main\AndroidManifest.xml:160:13-111
167            android:theme="@style/Theme.AppCompat.Light.NoActionBar" />
167-->src\main\AndroidManifest.xml:161:13-69
168        <activity
168-->src\main\AndroidManifest.xml:162:9-166:72
169            android:name="com.avaya.android.vantage.aaadevbroadcast.activities.SupportActivity"
169-->src\main\AndroidManifest.xml:163:13-96
170            android:label="Support"
170-->src\main\AndroidManifest.xml:164:13-36
171            android:parentActivityName="com.avaya.android.vantage.aaadevbroadcast.activities.MainActivityK155"
171-->src\main\AndroidManifest.xml:165:13-111
172            android:theme="@style/Theme.AppCompat.Light.NoActionBar" />
172-->src\main\AndroidManifest.xml:166:13-69
173
174        <receiver
174-->src\main\AndroidManifest.xml:168:9-179:20
175            android:name="com.avaya.deskphoneservices.DeskPhoneEventsBroadcastReceiver"
175-->src\main\AndroidManifest.xml:169:13-88
176            android:enabled="true" >
176-->src\main\AndroidManifest.xml:170:13-35
177            <intent-filter>
177-->src\main\AndroidManifest.xml:172:13-178:29
178                <action android:name="com.avaya.endpoint.action.CONFIG_CHANGED" />
178-->src\main\AndroidManifest.xml:173:17-83
178-->src\main\AndroidManifest.xml:173:25-80
179                <action android:name="com.avaya.endpoint.action.RESTART" />
179-->src\main\AndroidManifest.xml:174:17-76
179-->src\main\AndroidManifest.xml:174:25-73
180                <action android:name="com.avaya.endpoint.action.LOGIN_SIGNAL" />
180-->src\main\AndroidManifest.xml:175:17-81
180-->src\main\AndroidManifest.xml:175:25-78
181                <action android:name="com.avaya.endpoint.action.LOGOUT_SIGNAL" />
181-->src\main\AndroidManifest.xml:176:17-82
181-->src\main\AndroidManifest.xml:176:25-79
182                <action android:name="com.avaya.endpoint.action.MEDIA_BUTTON" />
182-->src\main\AndroidManifest.xml:177:17-81
182-->src\main\AndroidManifest.xml:177:25-78
183            </intent-filter>
184        </receiver>
185        <receiver
185-->src\main\AndroidManifest.xml:180:9-186:20
186            android:name="com.avaya.android.vantage.aaadevbroadcast.MidnightGoogleAnalyticsStatistics"
186-->src\main\AndroidManifest.xml:181:13-103
187            android:enabled="true" >
187-->src\main\AndroidManifest.xml:182:13-35
188            <intent-filter>
188-->src\main\AndroidManifest.xml:183:13-185:29
189                <action android:name="com.avaya.endpoint.MIDNIGHT_GOOGLE_ANALYTICS" />
189-->src\main\AndroidManifest.xml:184:17-87
189-->src\main\AndroidManifest.xml:184:25-84
190            </intent-filter>
191        </receiver>
192        <receiver android:name="com.avaya.android.vantage.aaadevbroadcast.receiver.FinishCallDialerActivityReciver" >
192-->src\main\AndroidManifest.xml:187:9-191:20
192-->src\main\AndroidManifest.xml:187:19-116
193            <intent-filter>
193-->src\main\AndroidManifest.xml:188:13-190:29
194                <action android:name="com.avaya.endpoint.FINISH_CALL_ACTIVITY" />
194-->src\main\AndroidManifest.xml:189:17-82
194-->src\main\AndroidManifest.xml:189:25-79
195            </intent-filter>
196        </receiver>
197
198        <provider
198-->src\main\AndroidManifest.xml:193:9-203:20
199            android:name="androidx.core.content.FileProvider"
199-->src\main\AndroidManifest.xml:194:13-62
200            android:authorities="com.avaya.android.vantage.devcala.provider"
200-->src\main\AndroidManifest.xml:195:13-77
201            android:exported="false"
201-->src\main\AndroidManifest.xml:196:13-37
202            android:grantUriPermissions="true" >
202-->src\main\AndroidManifest.xml:197:13-47
203
204            <!-- resource file to create -->
205            <meta-data
205-->src\main\AndroidManifest.xml:199:13-202:25
206                android:name="android.support.FILE_PROVIDER_PATHS"
206-->src\main\AndroidManifest.xml:200:17-67
207                android:resource="@xml/file_paths" >
207-->src\main\AndroidManifest.xml:201:17-51
208            </meta-data>
209        </provider>
210
211        <activity
211-->src\main\AndroidManifest.xml:205:9-214:20
212            android:name="com.avaya.android.vantage.aaadevbroadcast.activities.SplashActivity"
212-->src\main\AndroidManifest.xml:206:13-95
213            android:label="@string/app_name"
213-->src\main\AndroidManifest.xml:207:13-45
214            android:theme="@style/SplashTheme" >
214-->src\main\AndroidManifest.xml:208:13-47
215            <intent-filter android:priority="1000" >
215-->src\main\AndroidManifest.xml:209:13-213:29
215-->src\main\AndroidManifest.xml:209:28-51
216                <action android:name="android.intent.action.MAIN" />
216-->src\main\AndroidManifest.xml:210:17-69
216-->src\main\AndroidManifest.xml:210:25-66
217
218                <category android:name="android.intent.category.LAUNCHER" />
218-->src\main\AndroidManifest.xml:79:17-77
218-->src\main\AndroidManifest.xml:79:27-74
219            </intent-filter>
220        </activity>
221
222        <service
222-->src\main\AndroidManifest.xml:216:9-219:40
223            android:name="com.avaya.android.vantage.aaadevbroadcast.RingerService"
223-->src\main\AndroidManifest.xml:217:13-83
224            android:enabled="true"
224-->src\main\AndroidManifest.xml:218:13-35
225            android:exported="false" />
225-->src\main\AndroidManifest.xml:219:13-37
226
227        <activity
227-->src\main\AndroidManifest.xml:221:9-222:49
228            android:name="com.avaya.android.vantage.aaadevbroadcast.activities.PermissionRequesterActivity"
228-->src\main\AndroidManifest.xml:221:19-114
229            android:theme="@style/SplashTheme" />
229-->src\main\AndroidManifest.xml:222:13-47
230
231        <service
231-->src\main\AndroidManifest.xml:224:9-234:19
232            android:name="com.avaya.android.vantage.aaadevbroadcast.MyDream"
232-->src\main\AndroidManifest.xml:225:13-77
233            android:exported="true"
233-->src\main\AndroidManifest.xml:226:13-36
234            android:icon="@drawable/ic_branding_avaya"
234-->src\main\AndroidManifest.xml:227:13-55
235            android:label="Vantage ScreenSaver CALA"
235-->src\main\AndroidManifest.xml:228:13-53
236            android:permission="android.permission.BIND_DREAM_SERVICE" >
236-->src\main\AndroidManifest.xml:229:13-71
237            <intent-filter>
237-->src\main\AndroidManifest.xml:230:13-233:29
238                <action android:name="android.service.dreams.DreamService" />
238-->src\main\AndroidManifest.xml:231:17-78
238-->src\main\AndroidManifest.xml:231:25-75
239
240                <category android:name="android.intent.category.DEFAULT" />
240-->src\main\AndroidManifest.xml:84:17-76
240-->src\main\AndroidManifest.xml:84:27-73
241            </intent-filter>
242        </service>
243
244        <uses-library
244-->[:AvayaClientServices:] AndroidManifest.xml:17:9-19:40
245            android:name="org.apache.http.legacy"
245-->[:AvayaClientServices:] AndroidManifest.xml:18:13-50
246            android:required="false" />
246-->[:AvayaClientServices:] AndroidManifest.xml:19:13-37
247
248        <service
248-->[:DeskPhoneServices:] AndroidManifest.xml:16:9-24:19
249            android:name="com.avaya.deskphoneservices.telecomService.TelecomConnectionService"
249-->[:DeskPhoneServices:] AndroidManifest.xml:17:13-95
250            android:enabled="true"
250-->[:DeskPhoneServices:] AndroidManifest.xml:18:13-35
251            android:exported="true"
251-->[:DeskPhoneServices:] AndroidManifest.xml:19:13-36
252            android:permission="android.permission.BIND_TELECOM_CONNECTION_SERVICE" >
252-->[:DeskPhoneServices:] AndroidManifest.xml:20:13-84
253            <intent-filter>
253-->[:DeskPhoneServices:] AndroidManifest.xml:21:13-23:29
254                <action android:name="android.telecom.ConnectionService" />
254-->[:DeskPhoneServices:] AndroidManifest.xml:22:17-76
254-->[:DeskPhoneServices:] AndroidManifest.xml:22:25-73
255            </intent-filter>
256        </service>
257        <service
257-->[androidx.room:room-runtime:2.2.0-rc01] AndroidManifest.xml:25:9-27:40
258            android:name="androidx.room.MultiInstanceInvalidationService"
258-->[androidx.room:room-runtime:2.2.0-rc01] AndroidManifest.xml:26:13-74
259            android:exported="false" />
259-->[androidx.room:room-runtime:2.2.0-rc01] AndroidManifest.xml:27:13-37
260
261        <receiver
261-->[com.google.android.gms:play-services-measurement:16.4.0] AndroidManifest.xml:29:9-33:20
262            android:name="com.google.android.gms.measurement.AppMeasurementReceiver"
262-->[com.google.android.gms:play-services-measurement:16.4.0] AndroidManifest.xml:30:13-85
263            android:enabled="true"
263-->[com.google.android.gms:play-services-measurement:16.4.0] AndroidManifest.xml:31:13-35
264            android:exported="false" >
264-->[com.google.android.gms:play-services-measurement:16.4.0] AndroidManifest.xml:32:13-37
265        </receiver>
266        <receiver
266-->[com.google.android.gms:play-services-measurement:16.4.0] AndroidManifest.xml:34:9-42:20
267            android:name="com.google.android.gms.measurement.AppMeasurementInstallReferrerReceiver"
267-->[com.google.android.gms:play-services-measurement:16.4.0] AndroidManifest.xml:35:13-100
268            android:enabled="true"
268-->[com.google.android.gms:play-services-measurement:16.4.0] AndroidManifest.xml:36:13-35
269            android:exported="true"
269-->[com.google.android.gms:play-services-measurement:16.4.0] AndroidManifest.xml:37:13-36
270            android:permission="android.permission.INSTALL_PACKAGES" >
270-->[com.google.android.gms:play-services-measurement:16.4.0] AndroidManifest.xml:38:13-69
271            <intent-filter>
271-->[com.google.android.gms:play-services-measurement:16.4.0] AndroidManifest.xml:39:13-41:29
272                <action android:name="com.android.vending.INSTALL_REFERRER" />
272-->[com.google.android.gms:play-services-measurement:16.4.0] AndroidManifest.xml:40:17-79
272-->[com.google.android.gms:play-services-measurement:16.4.0] AndroidManifest.xml:40:25-76
273            </intent-filter>
274        </receiver>
275
276        <service
276-->[com.google.android.gms:play-services-measurement:16.4.0] AndroidManifest.xml:44:9-47:40
277            android:name="com.google.android.gms.measurement.AppMeasurementService"
277-->[com.google.android.gms:play-services-measurement:16.4.0] AndroidManifest.xml:45:13-84
278            android:enabled="true"
278-->[com.google.android.gms:play-services-measurement:16.4.0] AndroidManifest.xml:46:13-35
279            android:exported="false" />
279-->[com.google.android.gms:play-services-measurement:16.4.0] AndroidManifest.xml:47:13-37
280        <service
280-->[com.google.android.gms:play-services-measurement:16.4.0] AndroidManifest.xml:48:9-52:72
281            android:name="com.google.android.gms.measurement.AppMeasurementJobService"
281-->[com.google.android.gms:play-services-measurement:16.4.0] AndroidManifest.xml:49:13-87
282            android:enabled="true"
282-->[com.google.android.gms:play-services-measurement:16.4.0] AndroidManifest.xml:50:13-35
283            android:exported="false"
283-->[com.google.android.gms:play-services-measurement:16.4.0] AndroidManifest.xml:51:13-37
284            android:permission="android.permission.BIND_JOB_SERVICE" />
284-->[com.google.android.gms:play-services-measurement:16.4.0] AndroidManifest.xml:52:13-69
285        <service
285-->[com.google.android.gms:play-services-measurement-api:16.4.0] AndroidManifest.xml:27:9-33:19
286            android:name="com.google.firebase.components.ComponentDiscoveryService"
286-->[com.google.android.gms:play-services-measurement-api:16.4.0] AndroidManifest.xml:28:13-84
287            android:exported="false" >
287-->[com.google.android.gms:play-services-measurement-api:16.4.0] AndroidManifest.xml:29:13-37
288            <meta-data
288-->[com.google.android.gms:play-services-measurement-api:16.4.0] AndroidManifest.xml:30:13-32:85
289                android:name="com.google.firebase.components:com.google.firebase.analytics.connector.internal.AnalyticsConnectorRegistrar"
289-->[com.google.android.gms:play-services-measurement-api:16.4.0] AndroidManifest.xml:31:17-139
290                android:value="com.google.firebase.components.ComponentRegistrar" />
290-->[com.google.android.gms:play-services-measurement-api:16.4.0] AndroidManifest.xml:32:17-82
291            <meta-data
291-->[com.google.firebase:firebase-iid:17.0.3] AndroidManifest.xml:32:13-34:85
292                android:name="com.google.firebase.components:com.google.firebase.iid.Registrar"
292-->[com.google.firebase:firebase-iid:17.0.3] AndroidManifest.xml:33:17-96
293                android:value="com.google.firebase.components.ComponentRegistrar" />
293-->[com.google.firebase:firebase-iid:17.0.3] AndroidManifest.xml:34:17-82
294        </service>
295
296        <receiver
296-->[com.google.firebase:firebase-iid:17.0.3] AndroidManifest.xml:37:9-44:20
297            android:name="com.google.firebase.iid.FirebaseInstanceIdReceiver"
297-->[com.google.firebase:firebase-iid:17.0.3] AndroidManifest.xml:38:13-78
298            android:exported="true"